<?xml version="1.0" encoding="UTF-8"?>
<!-- Generated by org.testng.reporters.JUnitXMLReporter -->
<testsuite hostname="classroom-PC" ignored="0" name="myTest2" tests="4" failures="0" timestamp="02 Oct 2019 07:05:32 GMT" time="0.1" errors="0">
  <testcase name="addLocation" time="0.021" classname="testng.Example2"/>
  <testcase name="editLocation" time="0.003" classname="testng.Example2"/>
  <testcase name="addCompany" time="0.009" classname="testng.Example3"/>
  <testcase name="editCompany" time="0.004" classname="testng.Example3"/>
</testsuite> <!-- myTest2 -->
