<?xml version="1.0" encoding="UTF-8"?>
<!-- Generated by org.testng.reporters.JUnitXMLReporter -->
<testsuite hostname="classroom-PC" ignored="0" name="myTest1" tests="5" failures="1" timestamp="02 Oct 2019 07:01:14 GMT" time="33.289" errors="0">
  <testcase name="editEmp" time="0.018" classname="testng.Example1">
    <failure type="java.lang.AssertionError" message="expected [12] but found [11]">
      <![CDATA[java.lang.AssertionError: expected [12] but found [11]at testng.Example1.editEmp(Example1.java:76)... Removed 31 stack frames]]>
    </failure>
  </testcase> <!-- editEmp -->
  <testcase name="verifyLogin" time="0.023" classname="testng.Example1"/>
  <testcase name="addLocation" time="0.002" classname="testng.Example2"/>
  <testcase name="editLocation" time="0.001" classname="testng.Example2"/>
  <testcase name="addEmp" time="11.532" classname="testng.Example1"/>
</testsuite> <!-- myTest1 -->
